<html>
<head>
<title>TestNG:  rep</title>
<link href="../testng.css" rel="stylesheet" type="text/css" />
<link href="../my-testng.css" rel="stylesheet" type="text/css" />

<style type="text/css">
.log { display: none;} 
.stack-trace { display: none;} 
</style>
<script type="text/javascript">
<!--
function flip(e) {
  current = e.style.display;
  if (current == 'block') {
    e.style.display = 'none';
    return 0;
  }
  else {
    e.style.display = 'block';
    return 1;
  }
}

function toggleBox(szDivId, elem, msg1, msg2)
{
  var res = -1;  if (document.getElementById) {
    res = flip(document.getElementById(szDivId));
  }
  else if (document.all) {
    // this is the way old msie versions work
    res = flip(document.all[szDivId]);
  }
  if(elem) {
    if(res == 0) elem.innerHTML = msg1; else elem.innerHTML = msg2;
  }

}

function toggleAllBoxes() {
  if (document.getElementsByTagName) {
    d = document.getElementsByTagName('div');
    for (i = 0; i < d.length; i++) {
      if (d[i].className == 'log') {
        flip(d[i]);
      }
    }
  }
}

// -->
</script>

</head>
<body>
<h2 align='center'>rep</h2><table border='1' align="center">
<tr>
<td>Tests passed/Failed/Skipped:</td><td>0/2/0</td>
</tr><tr>
<td>Started on:</td><td>Thu Nov 19 16:24:05 EST 2015</td>
</tr>
<tr><td>Total time:</td><td>160 seconds (160425 ms)</td>
</tr><tr>
<td>Included groups:</td><td></td>
</tr><tr>
<td>Excluded groups:</td><td></td>
</tr>
</table><p/>
<small><i>(Hover the method name to see the test class name)</i></small><p/>
<table width='100%' border='1' class='invocation-failed'>
<tr><td colspan='4' align='center'><b>FAILED TESTS</b></td></tr>
<tr><td><b>Test method</b></td>
<td width="30%"><b>Exception</b></td>
<td width="10%"><b>Time (seconds)</b></td>
<td><b>Instance</b></td>
</tr>
<tr>
<td title='com.TestSuite.SingleMemApp.testcase1()'><b>testcase1</b><br>Test class: com.TestSuite.SingleMemApp<br>Parameters: saavn0@gmail.com, Abcd@1234, Abcd@1234, saavn0, test, 9/19/1961, 263515210, male, saavn0@gmail.com, Abcd@1234, saavn0, test, 9/19/1961, male, 609 h st ne, washington, DC, 20002, yes, 263515210, no, no, wages and salaries, deepak, 8125 48th ave, college park, MD, 20740, 23000, yearly, 1/3/2012, saavn0, test</td>
<td><div><pre>org.openqa.selenium.NoSuchElementException: no such element: Unable to locate element: {&quot;method&quot;:&quot;id&quot;,&quot;selector&quot;:&quot;question0&quot;}
  (Session info: chrome=46.0.2490.86)
  (Driver info: chromedriver=2.19.346078 (6f1f0cde889532d48ce8242342d0b84f94b114a1),platform=Windows NT 10.0 x86_64) (WARNING: The server did not provide any stacktrace information)
Command duration or timeout: 12 milliseconds
For documentation on this error, please visit: http://seleniumhq.org/exceptions/no_such_element.html
Build info: version: &apos;2.47.1&apos;, revision: &apos;411b314&apos;, time: &apos;2015-07-30 02:56:46&apos;
System info: host: &apos;Naresh&apos;, ip: &apos;10.29.75.176&apos;, os.name: &apos;Windows 8.1&apos;, os.arch: &apos;amd64&apos;, os.version: &apos;6.3&apos;, java.version: &apos;1.8.0_51&apos;
Driver info: org.openqa.selenium.chrome.ChromeDriver
Capabilities [{applicationCacheEnabled=false, rotatable=false, mobileEmulationEnabled=false, chrome={userDataDir=C:\Users\Chinna\AppData\Local\Temp\scoped_dir25304_2212}, takesHeapSnapshot=true, databaseEnabled=false, handlesAlerts=true, hasTouchScreen=false, version=46.0.2490.86, platform=WIN8_1, browserConnectionEnabled=false, nativeEvents=true, acceptSslCerts=true, locationContextEnabled=true, webStorageEnabled=true, browserName=chrome, takesScreenshot=true, javascriptEnabled=true, cssSelectorsEnabled=true}]
Session ID: baeff020d1048aa965ffb72df0bbad77
*** Element info: {Using=id, value=question0}
	at org.openqa.selenium.remote.ErrorHandler.createThrowable(ErrorHandler.java:206)
	at org.openqa.selenium.remote.ErrorHandler.throwIfResponseFailed(ErrorHandler.java:158)
	at org.openqa.selenium.remote.RemoteWebDriver.execute(RemoteWebDriver.java:595)
	at org.openqa.selenium.remote.RemoteWebDriver.findElement(RemoteWebDriver.java:348)
	at org.openqa.selenium.remote.RemoteWebDriver.findElementById(RemoteWebDriver.java:389)
	at org.openqa.selenium.By$ById.findElement(By.java:215)
	at org.openqa.selenium.remote.RemoteWebDriver.findElement(RemoteWebDriver.java:340)
	at com.pageFunctions.Securityqsnspage.filing_ans1(Securityqsnspage.java:47)
	at com.TestSuite.SingleMemApp.testcase1(SingleMemApp.java:158)
... Removed 27 stack frames</pre></div><a href='#' onClick='toggleBox("stack-trace1716932897", this, "Click to show all stack frames", "Click to hide stack frames")'>Click to show all stack frames</a>
<div class='stack-trace' id='stack-trace1716932897'><pre>org.openqa.selenium.NoSuchElementException: no such element: Unable to locate element: {&quot;method&quot;:&quot;id&quot;,&quot;selector&quot;:&quot;question0&quot;}
  (Session info: chrome=46.0.2490.86)
  (Driver info: chromedriver=2.19.346078 (6f1f0cde889532d48ce8242342d0b84f94b114a1),platform=Windows NT 10.0 x86_64) (WARNING: The server did not provide any stacktrace information)
Command duration or timeout: 12 milliseconds
For documentation on this error, please visit: http://seleniumhq.org/exceptions/no_such_element.html
Build info: version: &apos;2.47.1&apos;, revision: &apos;411b314&apos;, time: &apos;2015-07-30 02:56:46&apos;
System info: host: &apos;Naresh&apos;, ip: &apos;10.29.75.176&apos;, os.name: &apos;Windows 8.1&apos;, os.arch: &apos;amd64&apos;, os.version: &apos;6.3&apos;, java.version: &apos;1.8.0_51&apos;
Driver info: org.openqa.selenium.chrome.ChromeDriver
Capabilities [{applicationCacheEnabled=false, rotatable=false, mobileEmulationEnabled=false, chrome={userDataDir=C:\Users\Chinna\AppData\Local\Temp\scoped_dir25304_2212}, takesHeapSnapshot=true, databaseEnabled=false, handlesAlerts=true, hasTouchScreen=false, version=46.0.2490.86, platform=WIN8_1, browserConnectionEnabled=false, nativeEvents=true, acceptSslCerts=true, locationContextEnabled=true, webStorageEnabled=true, browserName=chrome, takesScreenshot=true, javascriptEnabled=true, cssSelectorsEnabled=true}]
Session ID: baeff020d1048aa965ffb72df0bbad77
*** Element info: {Using=id, value=question0}
	at sun.reflect.GeneratedConstructorAccessor19.newInstance(Unknown Source)
	at sun.reflect.DelegatingConstructorAccessorImpl.newInstance(Unknown Source)
	at java.lang.reflect.Constructor.newInstance(Unknown Source)
	at org.openqa.selenium.remote.ErrorHandler.createThrowable(ErrorHandler.java:206)
	at org.openqa.selenium.remote.ErrorHandler.throwIfResponseFailed(ErrorHandler.java:158)
	at org.openqa.selenium.remote.RemoteWebDriver.execute(RemoteWebDriver.java:595)
	at org.openqa.selenium.remote.RemoteWebDriver.findElement(RemoteWebDriver.java:348)
	at org.openqa.selenium.remote.RemoteWebDriver.findElementById(RemoteWebDriver.java:389)
	at org.openqa.selenium.By$ById.findElement(By.java:215)
	at org.openqa.selenium.remote.RemoteWebDriver.findElement(RemoteWebDriver.java:340)
	at com.pageFunctions.Securityqsnspage.filing_ans1(Securityqsnspage.java:47)
	at com.TestSuite.SingleMemApp.testcase1(SingleMemApp.java:158)
	at sun.reflect.NativeMethodAccessorImpl.invoke0(Native Method)
	at sun.reflect.NativeMethodAccessorImpl.invoke(Unknown Source)
	at sun.reflect.DelegatingMethodAccessorImpl.invoke(Unknown Source)
	at java.lang.reflect.Method.invoke(Unknown Source)
	at org.testng.internal.MethodInvocationHelper.invokeMethod(MethodInvocationHelper.java:84)
	at org.testng.internal.Invoker.invokeMethod(Invoker.java:714)
	at org.testng.internal.Invoker.invokeTestMethod(Invoker.java:901)
	at org.testng.internal.Invoker.invokeTestMethods(Invoker.java:1231)
	at org.testng.internal.TestMethodWorker.invokeTestMethods(TestMethodWorker.java:127)
	at org.testng.internal.TestMethodWorker.run(TestMethodWorker.java:111)
	at org.testng.TestRunner.privateRun(TestRunner.java:767)
	at org.testng.TestRunner.run(TestRunner.java:617)
	at org.testng.SuiteRunner.runTest(SuiteRunner.java:334)
	at org.testng.SuiteRunner.runSequentially(SuiteRunner.java:329)
	at org.testng.SuiteRunner.privateRun(SuiteRunner.java:291)
	at org.testng.SuiteRunner.run(SuiteRunner.java:240)
	at org.testng.SuiteRunnerWorker.runSuite(SuiteRunnerWorker.java:52)
	at org.testng.SuiteRunnerWorker.run(SuiteRunnerWorker.java:86)
	at org.testng.TestNG.runSuitesSequentially(TestNG.java:1224)
	at org.testng.TestNG.runSuitesLocally(TestNG.java:1149)
	at org.testng.TestNG.run(TestNG.java:1057)
	at org.testng.remote.RemoteTestNG.run(RemoteTestNG.java:111)
	at org.testng.remote.RemoteTestNG.initAndRun(RemoteTestNG.java:204)
	at org.testng.remote.RemoteTestNG.main(RemoteTestNG.java:175)
</pre></div></td>
<td>74</td>
<td>com.TestSuite.SingleMemApp@2eee9593</td></tr>
<tr>
<td title='com.TestSuite.BfGfVtChildren_GfHavingMEC.testcase1()'><b>testcase1</b><br>Test class: com.TestSuite.BfGfVtChildren_GfHavingMEC<br>Parameters: tamasha@gmail.com, Abcd@1234, Abcd@1234, tamasha, test, 2/13/1981, 135163415, male, tamasha@gmail.com, Abcd@1234, tamasha, test, 2/13/1981, male, 609 h st ne, washington, DC, 20002, yes, 135163415, no, yes, sara, test, 2/16/1981, female, 461545450, yes, medicaid, 1/2/2012, no, virat, test, 2/14/2003, male, 416465990, yes, medicaid, 1/2/2012, no, rosi, test, 9/13/2007, female, 641045340, no, is the domestic partner of, is unrelated to, is the parent of, is the parent of, is unrelated to, is unrelated to, wages and salaries, deepak, 8125 48th ave, college park, MD, 20740, 50000, yearly, 1/2/2012, wages and salaries, deepak, 8125 48th ave, college park, MD, 20740, 40000, yearly, 1/2/2012, tamasha, test<br/>
<a href="#Output-2018220300" onClick='toggleBox("Output-2018220300", this, "Show output", "Hide output");'>Show output</a>

<a href="#Output-2018220300" onClick="toggleAllBoxes();">Show all outputs</a>
<div class='log' id="Output-2018220300">
<a href="file:///C:\Users\Chinna\workspace\sample\Automation Reports\LatestResults\Screenshots\Screenshot-72141589.png"> <img src="file:///C:\Users\Chinna\workspace\sample\Automation Reports\LatestResults\Screenshots\Screenshot-72141589.png" height=48 width=48 >Screenshot-72141589.png</a><br/>
</div>
</td>
<td><div><pre>java.lang.AssertionError: Unable to clear and enter tamasha in field 
com.selenium.SafeActions.safeClearAndType(SafeActions.java:193)
com.pageFunctions.UAT_CreateAccountFunc.UAT_CreateAccount(UAT_CreateAccountFunc.java:39)
com.TestSuite.BfGfVtChildren_GfHavingMEC.testcase1(BfGfVtChildren_GfHavingMEC.java:123)
Please click on above Screenshot-72141589.png link for more info.

	at com.testng.Assert.fail(Assert.java:201)
	at com.selenium.SafeActions.safeClearAndType(SafeActions.java:193)
	at com.pageFunctions.UAT_CreateAccountFunc.UAT_CreateAccount(UAT_CreateAccountFunc.java:39)
	at com.TestSuite.BfGfVtChildren_GfHavingMEC.testcase1(BfGfVtChildren_GfHavingMEC.java:123)
... Removed 48 stack frames</pre></div><a href='#' onClick='toggleBox("stack-trace2018220300", this, "Click to show all stack frames", "Click to hide stack frames")'>Click to show all stack frames</a>
<div class='stack-trace' id='stack-trace2018220300'><pre>java.lang.AssertionError: Unable to clear and enter tamasha in field 
com.selenium.SafeActions.safeClearAndType(SafeActions.java:193)
com.pageFunctions.UAT_CreateAccountFunc.UAT_CreateAccount(UAT_CreateAccountFunc.java:39)
com.TestSuite.BfGfVtChildren_GfHavingMEC.testcase1(BfGfVtChildren_GfHavingMEC.java:123)
sun.reflect.NativeMethodAccessorImpl.invoke0(Native Method)
sun.reflect.NativeMethodAccessorImpl.invoke(Unknown Source)
sun.reflect.DelegatingMethodAccessorImpl.invoke(Unknown Source)
java.lang.reflect.Method.invoke(Unknown Source)
org.testng.internal.MethodInvocationHelper.invokeMethod(MethodInvocationHelper.java:84)
org.testng.internal.Invoker.invokeMethod(Invoker.java:714)
org.testng.internal.Invoker.invokeTestMethod(Invoker.java:901)
org.testng.internal.Invoker.invokeTestMethods(Invoker.java:1231)
org.testng.internal.TestMethodWorker.invokeTestMethods(TestMethodWorker.java:127)
org.testng.internal.TestMethodWorker.run(TestMethodWorker.java:111)
org.testng.TestRunner.privateRun(TestRunner.java:767)
org.testng.TestRunner.run(TestRunner.java:617)
org.testng.SuiteRunner.runTest(SuiteRunner.java:334)
org.testng.SuiteRunner.runSequentially(SuiteRunner.java:329)
org.testng.SuiteRunner.privateRun(SuiteRunner.java:291)
org.testng.SuiteRunner.run(SuiteRunner.java:240)
org.testng.SuiteRunnerWorker.runSuite(SuiteRunnerWorker.java:52)
org.testng.SuiteRunnerWorker.run(SuiteRunnerWorker.java:86)
org.testng.TestNG.runSuitesSequentially(TestNG.java:1224)
org.testng.TestNG.runSuitesLocally(TestNG.java:1149)
org.testng.TestNG.run(TestNG.java:1057)
org.testng.remote.RemoteTestNG.run(RemoteTestNG.java:111)
org.testng.remote.RemoteTestNG.initAndRun(RemoteTestNG.java:204)
org.testng.remote.RemoteTestNG.main(RemoteTestNG.java:175)
Please click on above Screenshot-72141589.png link for more info.

	at com.testng.Assert.fail(Assert.java:201)
	at com.selenium.SafeActions.safeClearAndType(SafeActions.java:193)
	at com.pageFunctions.UAT_CreateAccountFunc.UAT_CreateAccount(UAT_CreateAccountFunc.java:39)
	at com.TestSuite.BfGfVtChildren_GfHavingMEC.testcase1(BfGfVtChildren_GfHavingMEC.java:123)
	at sun.reflect.NativeMethodAccessorImpl.invoke0(Native Method)
	at sun.reflect.NativeMethodAccessorImpl.invoke(Unknown Source)
	at sun.reflect.DelegatingMethodAccessorImpl.invoke(Unknown Source)
	at java.lang.reflect.Method.invoke(Unknown Source)
	at org.testng.internal.MethodInvocationHelper.invokeMethod(MethodInvocationHelper.java:84)
	at org.testng.internal.Invoker.invokeMethod(Invoker.java:714)
	at org.testng.internal.Invoker.invokeTestMethod(Invoker.java:901)
	at org.testng.internal.Invoker.invokeTestMethods(Invoker.java:1231)
	at org.testng.internal.TestMethodWorker.invokeTestMethods(TestMethodWorker.java:127)
	at org.testng.internal.TestMethodWorker.run(TestMethodWorker.java:111)
	at org.testng.TestRunner.privateRun(TestRunner.java:767)
	at org.testng.TestRunner.run(TestRunner.java:617)
	at org.testng.SuiteRunner.runTest(SuiteRunner.java:334)
	at org.testng.SuiteRunner.runSequentially(SuiteRunner.java:329)
	at org.testng.SuiteRunner.privateRun(SuiteRunner.java:291)
	at org.testng.SuiteRunner.run(SuiteRunner.java:240)
	at org.testng.SuiteRunnerWorker.runSuite(SuiteRunnerWorker.java:52)
	at org.testng.SuiteRunnerWorker.run(SuiteRunnerWorker.java:86)
	at org.testng.TestNG.runSuitesSequentially(TestNG.java:1224)
	at org.testng.TestNG.runSuitesLocally(TestNG.java:1149)
	at org.testng.TestNG.run(TestNG.java:1057)
	at org.testng.remote.RemoteTestNG.run(RemoteTestNG.java:111)
	at org.testng.remote.RemoteTestNG.initAndRun(RemoteTestNG.java:204)
	at org.testng.remote.RemoteTestNG.main(RemoteTestNG.java:175)
</pre></div></td>
<td>66</td>
<td>com.TestSuite.BfGfVtChildren_GfHavingMEC@7bb11784</td></tr>
</table><p>
</body>
</html>