<?xml version="1.0" encoding="UTF-8"?>
<!-- Generated by org.testng.reporters.JUnitXMLReporter -->
<testsuite hostname="Naresh" name="rep" tests="2" failures="2" timestamp="19 Nov 2015 21:26:46 GMT" time="160.425" errors="0">
  <testcase name="testcase1" time="74.444" classname="com.TestSuite.SingleMemApp">
    <failure type="org.openqa.selenium.NoSuchElementException" message="no such element: Unable to locate element: {&amp;quot;method&amp;quot;:&amp;quot;id&amp;quot;,&amp;quot;selector&amp;quot;:&amp;quot;question0&amp;quot;}
  (Session info: chrome=46.0.2490.86)
  (Driver info: chromedriver=2.19.346078 (6f1f0cde889532d48ce8242342d0b84f94b114a1),platform=Windows NT 10.0 x86_64) (WARNING: The server did not provide any stacktrace information)
Command duration or timeout: 12 milliseconds
For documentation on this error, please visit: http://seleniumhq.org/exceptions/no_such_element.html
Build info: version: &amp;apos;2.47.1&amp;apos;, revision: &amp;apos;411b314&amp;apos;, time: &amp;apos;2015-07-30 02:56:46&amp;apos;
System info: host: &amp;apos;Naresh&amp;apos;, ip: &amp;apos;10.29.75.176&amp;apos;, os.name: &amp;apos;Windows 8.1&amp;apos;, os.arch: &amp;apos;amd64&amp;apos;, os.version: &amp;apos;6.3&amp;apos;, java.version: &amp;apos;1.8.0_51&amp;apos;
Driver info: org.openqa.selenium.chrome.ChromeDriver
Capabilities [{applicationCacheEnabled=false, rotatable=false, mobileEmulationEnabled=false, chrome={userDataDir=C:\Users\Chinna\AppData\Local\Temp\scoped_dir25304_2212}, takesHeapSnapshot=true, databaseEnabled=false, handlesAlerts=true, hasTouchScreen=false, version=46.0.2490.86, platform=WIN8_1, browserConnectionEnabled=false, nativeEvents=true, acceptSslCerts=true, locationContextEnabled=true, webStorageEnabled=true, browserName=chrome, takesScreenshot=true, javascriptEnabled=true, cssSelectorsEnabled=true}]
Session ID: baeff020d1048aa965ffb72df0bbad77
*** Element info: {Using=id, value=question0}">
      <![CDATA[org.openqa.selenium.NoSuchElementException: no such element: Unable to locate element: {"method":"id","selector":"question0"}
  (Session info: chrome=46.0.2490.86)
  (Driver info: chromedriver=2.19.346078 (6f1f0cde889532d48ce8242342d0b84f94b114a1),platform=Windows NT 10.0 x86_64) (WARNING: The server did not provide any stacktrace information)
Command duration or timeout: 12 milliseconds
For documentation on this error, please visit: http://seleniumhq.org/exceptions/no_such_element.html
Build info: version: '2.47.1', revision: '411b314', time: '2015-07-30 02:56:46'
System info: host: 'Naresh', ip: '10.29.75.176', os.name: 'Windows 8.1', os.arch: 'amd64', os.version: '6.3', java.version: '1.8.0_51'
Driver info: org.openqa.selenium.chrome.ChromeDriver
Capabilities [{applicationCacheEnabled=false, rotatable=false, mobileEmulationEnabled=false, chrome={userDataDir=C:\Users\Chinna\AppData\Local\Temp\scoped_dir25304_2212}, takesHeapSnapshot=true, databaseEnabled=false, handlesAlerts=true, hasTouchScreen=false, version=46.0.2490.86, platform=WIN8_1, browserConnectionEnabled=false, nativeEvents=true, acceptSslCerts=true, locationContextEnabled=true, webStorageEnabled=true, browserName=chrome, takesScreenshot=true, javascriptEnabled=true, cssSelectorsEnabled=true}]
Session ID: baeff020d1048aa965ffb72df0bbad77
*** Element info: {Using=id, value=question0}
	at org.openqa.selenium.remote.ErrorHandler.createThrowable(ErrorHandler.java:206)
	at org.openqa.selenium.remote.ErrorHandler.throwIfResponseFailed(ErrorHandler.java:158)
	at org.openqa.selenium.remote.RemoteWebDriver.execute(RemoteWebDriver.java:595)
	at org.openqa.selenium.remote.RemoteWebDriver.findElement(RemoteWebDriver.java:348)
	at org.openqa.selenium.remote.RemoteWebDriver.findElementById(RemoteWebDriver.java:389)
	at org.openqa.selenium.By$ById.findElement(By.java:215)
	at org.openqa.selenium.remote.RemoteWebDriver.findElement(RemoteWebDriver.java:340)
	at com.pageFunctions.Securityqsnspage.filing_ans1(Securityqsnspage.java:47)
	at com.TestSuite.SingleMemApp.testcase1(SingleMemApp.java:158)
... Removed 27 stack frames]]>
    </failure>
  </testcase> <!-- testcase1 -->
  <testcase name="testcase1" time="66.777" classname="com.TestSuite.BfGfVtChildren_GfHavingMEC">
    <failure type="java.lang.AssertionError" message="Unable to clear and enter tamasha in field 
com.selenium.SafeActions.safeClearAndType(SafeActions.java:193)
com.pageFunctions.UAT_CreateAccountFunc.UAT_CreateAccount(UAT_CreateAccountFunc.java:39)
com.TestSuite.BfGfVtChildren_GfHavingMEC.testcase1(BfGfVtChildren_GfHavingMEC.java:123)
sun.reflect.NativeMethodAccessorImpl.invoke0(Native Method)
sun.reflect.NativeMethodAccessorImpl.invoke(Unknown Source)
sun.reflect.DelegatingMethodAccessorImpl.invoke(Unknown Source)
java.lang.reflect.Method.invoke(Unknown Source)
org.testng.internal.MethodInvocationHelper.invokeMethod(MethodInvocationHelper.java:84)
org.testng.internal.Invoker.invokeMethod(Invoker.java:714)
org.testng.internal.Invoker.invokeTestMethod(Invoker.java:901)
org.testng.internal.Invoker.invokeTestMethods(Invoker.java:1231)
org.testng.internal.TestMethodWorker.invokeTestMethods(TestMethodWorker.java:127)
org.testng.internal.TestMethodWorker.run(TestMethodWorker.java:111)
org.testng.TestRunner.privateRun(TestRunner.java:767)
org.testng.TestRunner.run(TestRunner.java:617)
org.testng.SuiteRunner.runTest(SuiteRunner.java:334)
org.testng.SuiteRunner.runSequentially(SuiteRunner.java:329)
org.testng.SuiteRunner.privateRun(SuiteRunner.java:291)
org.testng.SuiteRunner.run(SuiteRunner.java:240)
org.testng.SuiteRunnerWorker.runSuite(SuiteRunnerWorker.java:52)
org.testng.SuiteRunnerWorker.run(SuiteRunnerWorker.java:86)
org.testng.TestNG.runSuitesSequentially(TestNG.java:1224)
org.testng.TestNG.runSuitesLocally(TestNG.java:1149)
org.testng.TestNG.run(TestNG.java:1057)
org.testng.remote.RemoteTestNG.run(RemoteTestNG.java:111)
org.testng.remote.RemoteTestNG.initAndRun(RemoteTestNG.java:204)
org.testng.remote.RemoteTestNG.main(RemoteTestNG.java:175)
Please click on above Screenshot-72141589.png link for more info.
">
      <![CDATA[java.lang.AssertionError: Unable to clear and enter tamasha in field 
com.selenium.SafeActions.safeClearAndType(SafeActions.java:193)
com.pageFunctions.UAT_CreateAccountFunc.UAT_CreateAccount(UAT_CreateAccountFunc.java:39)
com.TestSuite.BfGfVtChildren_GfHavingMEC.testcase1(BfGfVtChildren_GfHavingMEC.java:123)
Please click on above Screenshot-72141589.png link for more info.

	at com.testng.Assert.fail(Assert.java:201)
	at com.selenium.SafeActions.safeClearAndType(SafeActions.java:193)
	at com.pageFunctions.UAT_CreateAccountFunc.UAT_CreateAccount(UAT_CreateAccountFunc.java:39)
	at com.TestSuite.BfGfVtChildren_GfHavingMEC.testcase1(BfGfVtChildren_GfHavingMEC.java:123)
... Removed 48 stack frames]]>
    </failure>
  </testcase> <!-- testcase1 -->
</testsuite> <!-- rep -->
