<?xml version="1.0" encoding="UTF-8"?>
<testng-results skipped="0" failed="2" total="2" passed="0">
  <reporter-output>
  </reporter-output>
  <suite name="Default suite" duration-ms="947437" started-at="2016-03-10T21:31:49Z" finished-at="2016-03-10T21:47:36Z">
    <groups>
    </groups>
    <test name="Default test" duration-ms="947437" started-at="2016-03-10T21:31:49Z" finished-at="2016-03-10T21:47:36Z">
      <class name="com.TestSuite.SingleMemApp">
        <test-method status="PASS" signature="beforeSuite()[pri:0, instance:com.TestSuite.SingleMemApp@58ceff1]" name="beforeSuite" is-config="true" duration-ms="43" started-at="2016-03-10T16:31:49Z" finished-at="2016-03-10T16:31:49Z">
          <reporter-output>
          </reporter-output>
        </test-method> <!-- beforeSuite -->
        <test-method status="PASS" signature="bsateup(org.testng.ITestContext)[pri:0, instance:com.TestSuite.SingleMemApp@58ceff1]" name="bsateup" is-config="true" duration-ms="6219" started-at="2016-03-10T16:31:50Z" finished-at="2016-03-10T16:31:57Z">
          <params>
            <param index="0">
              <value>
                <![CDATA[org.testng.TestRunner@1b15f922]]>
              </value>
            </param>
          </params>
          <reporter-output>
          </reporter-output>
        </test-method> <!-- bsateup -->
        <test-method status="FAIL" signature="testcase1(java.lang.String, java.lang.String, java.lang.String, java.lang.String, java.lang.String, java.lang.String, java.lang.String, java.lang.String, java.lang.String, java.lang.String, java.lang.String, java.lang.String, java.lang.String, java.lang.String, java.lang.String, java.lang.String, java.lang.String, java.lang.String)[pri:0, instance:com.TestSuite.SingleMemApp@58ceff1]" name="testcase1" duration-ms="468148" started-at="2016-03-10T16:31:57Z" data-provider="testcase" finished-at="2016-03-10T16:39:45Z">
          <params>
            <param index="0">
              <value>
                <![CDATA[username133]]>
              </value>
            </param>
            <param index="1">
              <value>
                <![CDATA[Abcd@1234]]>
              </value>
            </param>
            <param index="2">
              <value>
                <![CDATA[Nathan]]>
              </value>
            </param>
            <param index="3">
              <value>
                <![CDATA[Harrod]]>
              </value>
            </param>
            <param index="4">
              <value>
                <![CDATA[12/30/1983]]>
              </value>
            </param>
            <param index="5">
              <value>
                <![CDATA[male]]>
              </value>
            </param>
            <param index="6">
              <value>
                <![CDATA[2100 Martin Luther King Ave SE]]>
              </value>
            </param>
            <param index="7">
              <value>
                <![CDATA[Washington]]>
              </value>
            </param>
            <param index="8">
              <value>
                <![CDATA[District of Columbia]]>
              </value>
            </param>
            <param index="9">
              <value>
                <![CDATA[20020]]>
              </value>
            </param>
            <param index="10">
              <value>
                <![CDATA[yes]]>
              </value>
            </param>
            <param index="11">
              <value>
                <![CDATA[273681268]]>
              </value>
            </param>
            <param index="12">
              <value>
                <![CDATA[no]]>
              </value>
            </param>
            <param index="13">
              <value>
                <![CDATA[no]]>
              </value>
            </param>
            <param index="14">
              <value>
                <![CDATA[wages and salaries]]>
              </value>
            </param>
            <param index="15">
              <value>
                <![CDATA[33000]]>
              </value>
            </param>
            <param index="16">
              <value>
                <![CDATA[yearly]]>
              </value>
            </param>
            <param index="17">
              <value>
                <![CDATA[1/1/2015]]>
              </value>
            </param>
          </params>
          <exception class="java.lang.AssertionError">
            <message>
              <![CDATA[Unable to perform Mouse click on the By.id: __o3id6 element]]>
            </message>
            <full-stacktrace>
              <![CDATA[java.lang.AssertionError: Unable to perform Mouse click on the By.id: __o3id6 element
	at com.testng.Assert.fail(Assert.java:199)
	at com.selenium.SafeActions.safeMouseClick(SafeActions.java:100)
	at com.pageFunctions.submitappfunc.fillin_app(submitappfunc.java:22)
	at com.TestSuite.SingleMemApp.testcase1(SingleMemApp.java:207)
	at sun.reflect.NativeMethodAccessorImpl.invoke0(Native Method)
	at sun.reflect.NativeMethodAccessorImpl.invoke(Unknown Source)
	at sun.reflect.DelegatingMethodAccessorImpl.invoke(Unknown Source)
	at java.lang.reflect.Method.invoke(Unknown Source)
	at org.testng.internal.MethodInvocationHelper.invokeMethod(MethodInvocationHelper.java:85)
	at org.testng.internal.Invoker.invokeMethod(Invoker.java:639)
	at org.testng.internal.Invoker.invokeTestMethod(Invoker.java:821)
	at org.testng.internal.Invoker.invokeTestMethods(Invoker.java:1131)
	at org.testng.internal.TestMethodWorker.invokeTestMethods(TestMethodWorker.java:124)
	at org.testng.internal.TestMethodWorker.run(TestMethodWorker.java:108)
	at org.testng.TestRunner.privateRun(TestRunner.java:773)
	at org.testng.TestRunner.run(TestRunner.java:623)
	at org.testng.SuiteRunner.runTest(SuiteRunner.java:357)
	at org.testng.SuiteRunner.runSequentially(SuiteRunner.java:352)
	at org.testng.SuiteRunner.privateRun(SuiteRunner.java:310)
	at org.testng.SuiteRunner.run(SuiteRunner.java:259)
	at org.testng.SuiteRunnerWorker.runSuite(SuiteRunnerWorker.java:52)
	at org.testng.SuiteRunnerWorker.run(SuiteRunnerWorker.java:86)
	at org.testng.TestNG.runSuitesSequentially(TestNG.java:1185)
	at org.testng.TestNG.runSuitesLocally(TestNG.java:1110)
	at org.testng.TestNG.run(TestNG.java:1018)
	at org.testng.remote.RemoteTestNG.run(RemoteTestNG.java:111)
	at org.testng.remote.RemoteTestNG.initAndRun(RemoteTestNG.java:204)
	at org.testng.remote.RemoteTestNG.main(RemoteTestNG.java:175)
]]>
            </full-stacktrace>
          </exception> <!-- java.lang.AssertionError -->
          <reporter-output>
          </reporter-output>
        </test-method> <!-- testcase1 -->
        <test-method status="PASS" signature="afterMethod()[pri:0, instance:com.TestSuite.SingleMemApp@58ceff1]" name="afterMethod" is-config="true" duration-ms="0" started-at="2016-03-10T16:39:45Z" finished-at="2016-03-10T16:39:45Z">
          <reporter-output>
          </reporter-output>
        </test-method> <!-- afterMethod -->
        <test-method status="PASS" signature="bsateup(org.testng.ITestContext)[pri:0, instance:com.TestSuite.SingleMemApp@58ceff1]" name="bsateup" is-config="true" duration-ms="6263" started-at="2016-03-10T16:39:45Z" finished-at="2016-03-10T16:39:51Z">
          <params>
            <param index="0">
              <value>
                <![CDATA[org.testng.TestRunner@1b15f922]]>
              </value>
            </param>
          </params>
          <reporter-output>
          </reporter-output>
        </test-method> <!-- bsateup -->
        <test-method status="FAIL" signature="testcase1(java.lang.String, java.lang.String, java.lang.String, java.lang.String, java.lang.String, java.lang.String, java.lang.String, java.lang.String, java.lang.String, java.lang.String, java.lang.String, java.lang.String, java.lang.String, java.lang.String, java.lang.String, java.lang.String, java.lang.String, java.lang.String)[pri:0, instance:com.TestSuite.SingleMemApp@58ceff1]" name="testcase1" duration-ms="465398" started-at="2016-03-10T16:39:51Z" data-provider="testcase" finished-at="2016-03-10T16:47:36Z">
          <params>
            <param index="0">
              <value>
                <![CDATA[username134]]>
              </value>
            </param>
            <param index="1">
              <value>
                <![CDATA[Abcd@1234]]>
              </value>
            </param>
            <param index="2">
              <value>
                <![CDATA[Scott]]>
              </value>
            </param>
            <param index="3">
              <value>
                <![CDATA[Guyton]]>
              </value>
            </param>
            <param index="4">
              <value>
                <![CDATA[12/30/1983]]>
              </value>
            </param>
            <param index="5">
              <value>
                <![CDATA[male]]>
              </value>
            </param>
            <param index="6">
              <value>
                <![CDATA[2100 Martin Luther King Ave SE]]>
              </value>
            </param>
            <param index="7">
              <value>
                <![CDATA[Washington]]>
              </value>
            </param>
            <param index="8">
              <value>
                <![CDATA[District of Columbia]]>
              </value>
            </param>
            <param index="9">
              <value>
                <![CDATA[20020]]>
              </value>
            </param>
            <param index="10">
              <value>
                <![CDATA[yes]]>
              </value>
            </param>
            <param index="11">
              <value>
                <![CDATA[392989302]]>
              </value>
            </param>
            <param index="12">
              <value>
                <![CDATA[no]]>
              </value>
            </param>
            <param index="13">
              <value>
                <![CDATA[no]]>
              </value>
            </param>
            <param index="14">
              <value>
                <![CDATA[wages and salaries]]>
              </value>
            </param>
            <param index="15">
              <value>
                <![CDATA[33000]]>
              </value>
            </param>
            <param index="16">
              <value>
                <![CDATA[yearly]]>
              </value>
            </param>
            <param index="17">
              <value>
                <![CDATA[1/1/2015]]>
              </value>
            </param>
          </params>
          <exception class="java.lang.AssertionError">
            <message>
              <![CDATA[Unable to perform Mouse click on the By.id: __o3id6 element]]>
            </message>
            <full-stacktrace>
              <![CDATA[java.lang.AssertionError: Unable to perform Mouse click on the By.id: __o3id6 element
	at com.testng.Assert.fail(Assert.java:199)
	at com.selenium.SafeActions.safeMouseClick(SafeActions.java:100)
	at com.pageFunctions.submitappfunc.fillin_app(submitappfunc.java:22)
	at com.TestSuite.SingleMemApp.testcase1(SingleMemApp.java:207)
	at sun.reflect.NativeMethodAccessorImpl.invoke0(Native Method)
	at sun.reflect.NativeMethodAccessorImpl.invoke(Unknown Source)
	at sun.reflect.DelegatingMethodAccessorImpl.invoke(Unknown Source)
	at java.lang.reflect.Method.invoke(Unknown Source)
	at org.testng.internal.MethodInvocationHelper.invokeMethod(MethodInvocationHelper.java:85)
	at org.testng.internal.Invoker.invokeMethod(Invoker.java:639)
	at org.testng.internal.Invoker.invokeTestMethod(Invoker.java:821)
	at org.testng.internal.Invoker.invokeTestMethods(Invoker.java:1131)
	at org.testng.internal.TestMethodWorker.invokeTestMethods(TestMethodWorker.java:124)
	at org.testng.internal.TestMethodWorker.run(TestMethodWorker.java:108)
	at org.testng.TestRunner.privateRun(TestRunner.java:773)
	at org.testng.TestRunner.run(TestRunner.java:623)
	at org.testng.SuiteRunner.runTest(SuiteRunner.java:357)
	at org.testng.SuiteRunner.runSequentially(SuiteRunner.java:352)
	at org.testng.SuiteRunner.privateRun(SuiteRunner.java:310)
	at org.testng.SuiteRunner.run(SuiteRunner.java:259)
	at org.testng.SuiteRunnerWorker.runSuite(SuiteRunnerWorker.java:52)
	at org.testng.SuiteRunnerWorker.run(SuiteRunnerWorker.java:86)
	at org.testng.TestNG.runSuitesSequentially(TestNG.java:1185)
	at org.testng.TestNG.runSuitesLocally(TestNG.java:1110)
	at org.testng.TestNG.run(TestNG.java:1018)
	at org.testng.remote.RemoteTestNG.run(RemoteTestNG.java:111)
	at org.testng.remote.RemoteTestNG.initAndRun(RemoteTestNG.java:204)
	at org.testng.remote.RemoteTestNG.main(RemoteTestNG.java:175)
]]>
            </full-stacktrace>
          </exception> <!-- java.lang.AssertionError -->
          <reporter-output>
          </reporter-output>
        </test-method> <!-- testcase1 -->
        <test-method status="PASS" signature="afterMethod()[pri:0, instance:com.TestSuite.SingleMemApp@58ceff1]" name="afterMethod" is-config="true" duration-ms="0" started-at="2016-03-10T16:47:36Z" finished-at="2016-03-10T16:47:36Z">
          <reporter-output>
          </reporter-output>
        </test-method> <!-- afterMethod -->
      </class> <!-- com.TestSuite.SingleMemApp -->
    </test> <!-- Default test -->
  </suite> <!-- Default suite -->
</testng-results>
