<?xml version="1.0" encoding="UTF-8"?>
<!-- Generated by org.testng.reporters.JUnitReportReporter -->
<testsuite hostname="Naresh" name="com.TestSuite.MotherVtChild" tests="6" failures="4" timestamp="1 Mar 2016 17:32:16 GMT" time="1479.061" errors="0">
  <testcase name="testcase1" time="70.930" classname="com.TestSuite.MotherVtChild">
    <failure type="java.lang.AssertionError" message="Unable to clear and enter TestUPB32@gmail.com in field 
com.selenium.SafeActions.safeClearAndType(SafeActions.java:194)
com.pageFunctions.DcGovLoginPage.login(DcGovLoginPage.java:29)
com.TestSuite.MotherVtChild.testcase1(MotherVtChild.java:172)
sun.reflect.NativeMethodAccessorImpl.invoke0(Native Method)
sun.reflect.NativeMethodAccessorImpl.invoke(Unknown Source)
sun.reflect.DelegatingMethodAccessorImpl.invoke(Unknown Source)
java.lang.reflect.Method.invoke(Unknown Source)
org.testng.internal.MethodInvocationHelper.invokeMethod(MethodInvocationHelper.java:85)
org.testng.internal.Invoker.invokeMethod(Invoker.java:639)
org.testng.internal.Invoker.invokeTestMethod(Invoker.java:821)
org.testng.internal.Invoker.invokeTestMethods(Invoker.java:1131)
org.testng.internal.TestMethodWorker.invokeTestMethods(TestMethodWorker.java:124)
org.testng.internal.TestMethodWorker.run(TestMethodWorker.java:108)
org.testng.TestRunner.privateRun(TestRunner.java:773)
org.testng.TestRunner.run(TestRunner.java:623)
org.testng.SuiteRunner.runTest(SuiteRunner.java:357)
org.testng.SuiteRunner.runSequentially(SuiteRunner.java:352)
org.testng.SuiteRunner.privateRun(SuiteRunner.java:310)
org.testng.SuiteRunner.run(SuiteRunner.java:259)
org.testng.SuiteRunnerWorker.runSuite(SuiteRunnerWorker.java:52)
org.testng.SuiteRunnerWorker.run(SuiteRunnerWorker.java:86)
org.testng.TestNG.runSuitesSequentially(TestNG.java:1185)
org.testng.TestNG.runSuitesLocally(TestNG.java:1110)
org.testng.TestNG.run(TestNG.java:1018)
org.testng.remote.RemoteTestNG.run(RemoteTestNG.java:111)
org.testng.remote.RemoteTestNG.initAndRun(RemoteTestNG.java:204)
org.testng.remote.RemoteTestNG.main(RemoteTestNG.java:175)">
      <![CDATA[java.lang.AssertionError: Unable to clear and enter TestUPB32@gmail.com in field 
com.selenium.SafeActions.safeClearAndType(SafeActions.java:194)
com.pageFunctions.DcGovLoginPage.login(DcGovLoginPage.java:29)
com.TestSuite.MotherVtChild.testcase1(MotherVtChild.java:172)
sun.reflect.NativeMethodAccessorImpl.invoke0(Native Method)
sun.reflect.NativeMethodAccessorImpl.invoke(Unknown Source)
sun.reflect.DelegatingMethodAccessorImpl.invoke(Unknown Source)
java.lang.reflect.Method.invoke(Unknown Source)
org.testng.internal.MethodInvocationHelper.invokeMethod(MethodInvocationHelper.java:85)
org.testng.internal.Invoker.invokeMethod(Invoker.java:639)
org.testng.internal.Invoker.invokeTestMethod(Invoker.java:821)
org.testng.internal.Invoker.invokeTestMethods(Invoker.java:1131)
org.testng.internal.TestMethodWorker.invokeTestMethods(TestMethodWorker.java:124)
org.testng.internal.TestMethodWorker.run(TestMethodWorker.java:108)
org.testng.TestRunner.privateRun(TestRunner.java:773)
org.testng.TestRunner.run(TestRunner.java:623)
org.testng.SuiteRunner.runTest(SuiteRunner.java:357)
org.testng.SuiteRunner.runSequentially(SuiteRunner.java:352)
org.testng.SuiteRunner.privateRun(SuiteRunner.java:310)
org.testng.SuiteRunner.run(SuiteRunner.java:259)
org.testng.SuiteRunnerWorker.runSuite(SuiteRunnerWorker.java:52)
org.testng.SuiteRunnerWorker.run(SuiteRunnerWorker.java:86)
org.testng.TestNG.runSuitesSequentially(TestNG.java:1185)
org.testng.TestNG.runSuitesLocally(TestNG.java:1110)
org.testng.TestNG.run(TestNG.java:1018)
org.testng.remote.RemoteTestNG.run(RemoteTestNG.java:111)
org.testng.remote.RemoteTestNG.initAndRun(RemoteTestNG.java:204)
org.testng.remote.RemoteTestNG.main(RemoteTestNG.java:175)
	at com.testng.Assert.fail(Assert.java:199)
	at com.selenium.SafeActions.safeClearAndType(SafeActions.java:194)
	at com.pageFunctions.DcGovLoginPage.login(DcGovLoginPage.java:29)
	at com.TestSuite.MotherVtChild.testcase1(MotherVtChild.java:172)
	at sun.reflect.NativeMethodAccessorImpl.invoke0(Native Method)
	at sun.reflect.NativeMethodAccessorImpl.invoke(Unknown Source)
	at sun.reflect.DelegatingMethodAccessorImpl.invoke(Unknown Source)
	at java.lang.reflect.Method.invoke(Unknown Source)
	at org.testng.internal.MethodInvocationHelper.invokeMethod(MethodInvocationHelper.java:85)
	at org.testng.internal.Invoker.invokeMethod(Invoker.java:639)
	at org.testng.internal.Invoker.invokeTestMethod(Invoker.java:821)
	at org.testng.internal.Invoker.invokeTestMethods(Invoker.java:1131)
	at org.testng.internal.TestMethodWorker.invokeTestMethods(TestMethodWorker.java:124)
	at org.testng.internal.TestMethodWorker.run(TestMethodWorker.java:108)
	at org.testng.TestRunner.privateRun(TestRunner.java:773)
	at org.testng.TestRunner.run(TestRunner.java:623)
	at org.testng.SuiteRunner.runTest(SuiteRunner.java:357)
	at org.testng.SuiteRunner.runSequentially(SuiteRunner.java:352)
	at org.testng.SuiteRunner.privateRun(SuiteRunner.java:310)
	at org.testng.SuiteRunner.run(SuiteRunner.java:259)
	at org.testng.SuiteRunnerWorker.runSuite(SuiteRunnerWorker.java:52)
	at org.testng.SuiteRunnerWorker.run(SuiteRunnerWorker.java:86)
	at org.testng.TestNG.runSuitesSequentially(TestNG.java:1185)
	at org.testng.TestNG.runSuitesLocally(TestNG.java:1110)
	at org.testng.TestNG.run(TestNG.java:1018)
	at org.testng.remote.RemoteTestNG.run(RemoteTestNG.java:111)
	at org.testng.remote.RemoteTestNG.initAndRun(RemoteTestNG.java:204)
	at org.testng.remote.RemoteTestNG.main(RemoteTestNG.java:175)
]]>
    </failure>
  </testcase> <!-- testcase1 -->
  <testcase name="testcase1" time="598.160" classname="com.TestSuite.MotherVtChild"/>
  <testcase name="testcase1" time="603.754" classname="com.TestSuite.MotherVtChild"/>
  <testcase name="testcase1" time="68.930" classname="com.TestSuite.MotherVtChild">
    <failure type="java.lang.AssertionError" message="Unable to clear and enter TestWA901@gmail.com in field 
com.selenium.SafeActions.safeClearAndType(SafeActions.java:194)
com.pageFunctions.DcGovLoginPage.login(DcGovLoginPage.java:29)
com.TestSuite.MotherVtChild.testcase1(MotherVtChild.java:172)
sun.reflect.NativeMethodAccessorImpl.invoke0(Native Method)
sun.reflect.NativeMethodAccessorImpl.invoke(Unknown Source)
sun.reflect.DelegatingMethodAccessorImpl.invoke(Unknown Source)
java.lang.reflect.Method.invoke(Unknown Source)
org.testng.internal.MethodInvocationHelper.invokeMethod(MethodInvocationHelper.java:85)
org.testng.internal.Invoker.invokeMethod(Invoker.java:639)
org.testng.internal.Invoker.invokeTestMethod(Invoker.java:821)
org.testng.internal.Invoker.invokeTestMethods(Invoker.java:1131)
org.testng.internal.TestMethodWorker.invokeTestMethods(TestMethodWorker.java:124)
org.testng.internal.TestMethodWorker.run(TestMethodWorker.java:108)
org.testng.TestRunner.privateRun(TestRunner.java:773)
org.testng.TestRunner.run(TestRunner.java:623)
org.testng.SuiteRunner.runTest(SuiteRunner.java:357)
org.testng.SuiteRunner.runSequentially(SuiteRunner.java:352)
org.testng.SuiteRunner.privateRun(SuiteRunner.java:310)
org.testng.SuiteRunner.run(SuiteRunner.java:259)
org.testng.SuiteRunnerWorker.runSuite(SuiteRunnerWorker.java:52)
org.testng.SuiteRunnerWorker.run(SuiteRunnerWorker.java:86)
org.testng.TestNG.runSuitesSequentially(TestNG.java:1185)
org.testng.TestNG.runSuitesLocally(TestNG.java:1110)
org.testng.TestNG.run(TestNG.java:1018)
org.testng.remote.RemoteTestNG.run(RemoteTestNG.java:111)
org.testng.remote.RemoteTestNG.initAndRun(RemoteTestNG.java:204)
org.testng.remote.RemoteTestNG.main(RemoteTestNG.java:175)">
      <![CDATA[java.lang.AssertionError: Unable to clear and enter TestWA901@gmail.com in field 
com.selenium.SafeActions.safeClearAndType(SafeActions.java:194)
com.pageFunctions.DcGovLoginPage.login(DcGovLoginPage.java:29)
com.TestSuite.MotherVtChild.testcase1(MotherVtChild.java:172)
sun.reflect.NativeMethodAccessorImpl.invoke0(Native Method)
sun.reflect.NativeMethodAccessorImpl.invoke(Unknown Source)
sun.reflect.DelegatingMethodAccessorImpl.invoke(Unknown Source)
java.lang.reflect.Method.invoke(Unknown Source)
org.testng.internal.MethodInvocationHelper.invokeMethod(MethodInvocationHelper.java:85)
org.testng.internal.Invoker.invokeMethod(Invoker.java:639)
org.testng.internal.Invoker.invokeTestMethod(Invoker.java:821)
org.testng.internal.Invoker.invokeTestMethods(Invoker.java:1131)
org.testng.internal.TestMethodWorker.invokeTestMethods(TestMethodWorker.java:124)
org.testng.internal.TestMethodWorker.run(TestMethodWorker.java:108)
org.testng.TestRunner.privateRun(TestRunner.java:773)
org.testng.TestRunner.run(TestRunner.java:623)
org.testng.SuiteRunner.runTest(SuiteRunner.java:357)
org.testng.SuiteRunner.runSequentially(SuiteRunner.java:352)
org.testng.SuiteRunner.privateRun(SuiteRunner.java:310)
org.testng.SuiteRunner.run(SuiteRunner.java:259)
org.testng.SuiteRunnerWorker.runSuite(SuiteRunnerWorker.java:52)
org.testng.SuiteRunnerWorker.run(SuiteRunnerWorker.java:86)
org.testng.TestNG.runSuitesSequentially(TestNG.java:1185)
org.testng.TestNG.runSuitesLocally(TestNG.java:1110)
org.testng.TestNG.run(TestNG.java:1018)
org.testng.remote.RemoteTestNG.run(RemoteTestNG.java:111)
org.testng.remote.RemoteTestNG.initAndRun(RemoteTestNG.java:204)
org.testng.remote.RemoteTestNG.main(RemoteTestNG.java:175)
	at com.testng.Assert.fail(Assert.java:199)
	at com.selenium.SafeActions.safeClearAndType(SafeActions.java:194)
	at com.pageFunctions.DcGovLoginPage.login(DcGovLoginPage.java:29)
	at com.TestSuite.MotherVtChild.testcase1(MotherVtChild.java:172)
	at sun.reflect.NativeMethodAccessorImpl.invoke0(Native Method)
	at sun.reflect.NativeMethodAccessorImpl.invoke(Unknown Source)
	at sun.reflect.DelegatingMethodAccessorImpl.invoke(Unknown Source)
	at java.lang.reflect.Method.invoke(Unknown Source)
	at org.testng.internal.MethodInvocationHelper.invokeMethod(MethodInvocationHelper.java:85)
	at org.testng.internal.Invoker.invokeMethod(Invoker.java:639)
	at org.testng.internal.Invoker.invokeTestMethod(Invoker.java:821)
	at org.testng.internal.Invoker.invokeTestMethods(Invoker.java:1131)
	at org.testng.internal.TestMethodWorker.invokeTestMethods(TestMethodWorker.java:124)
	at org.testng.internal.TestMethodWorker.run(TestMethodWorker.java:108)
	at org.testng.TestRunner.privateRun(TestRunner.java:773)
	at org.testng.TestRunner.run(TestRunner.java:623)
	at org.testng.SuiteRunner.runTest(SuiteRunner.java:357)
	at org.testng.SuiteRunner.runSequentially(SuiteRunner.java:352)
	at org.testng.SuiteRunner.privateRun(SuiteRunner.java:310)
	at org.testng.SuiteRunner.run(SuiteRunner.java:259)
	at org.testng.SuiteRunnerWorker.runSuite(SuiteRunnerWorker.java:52)
	at org.testng.SuiteRunnerWorker.run(SuiteRunnerWorker.java:86)
	at org.testng.TestNG.runSuitesSequentially(TestNG.java:1185)
	at org.testng.TestNG.runSuitesLocally(TestNG.java:1110)
	at org.testng.TestNG.run(TestNG.java:1018)
	at org.testng.remote.RemoteTestNG.run(RemoteTestNG.java:111)
	at org.testng.remote.RemoteTestNG.initAndRun(RemoteTestNG.java:204)
	at org.testng.remote.RemoteTestNG.main(RemoteTestNG.java:175)
]]>
    </failure>
  </testcase> <!-- testcase1 -->
  <testcase name="testcase1" time="69.161" classname="com.TestSuite.MotherVtChild">
    <failure type="java.lang.AssertionError" message="Unable to clear and enter TestQXF10@gmail.com in field 
com.selenium.SafeActions.safeClearAndType(SafeActions.java:194)
com.pageFunctions.DcGovLoginPage.login(DcGovLoginPage.java:29)
com.TestSuite.MotherVtChild.testcase1(MotherVtChild.java:172)
sun.reflect.NativeMethodAccessorImpl.invoke0(Native Method)
sun.reflect.NativeMethodAccessorImpl.invoke(Unknown Source)
sun.reflect.DelegatingMethodAccessorImpl.invoke(Unknown Source)
java.lang.reflect.Method.invoke(Unknown Source)
org.testng.internal.MethodInvocationHelper.invokeMethod(MethodInvocationHelper.java:85)
org.testng.internal.Invoker.invokeMethod(Invoker.java:639)
org.testng.internal.Invoker.invokeTestMethod(Invoker.java:821)
org.testng.internal.Invoker.invokeTestMethods(Invoker.java:1131)
org.testng.internal.TestMethodWorker.invokeTestMethods(TestMethodWorker.java:124)
org.testng.internal.TestMethodWorker.run(TestMethodWorker.java:108)
org.testng.TestRunner.privateRun(TestRunner.java:773)
org.testng.TestRunner.run(TestRunner.java:623)
org.testng.SuiteRunner.runTest(SuiteRunner.java:357)
org.testng.SuiteRunner.runSequentially(SuiteRunner.java:352)
org.testng.SuiteRunner.privateRun(SuiteRunner.java:310)
org.testng.SuiteRunner.run(SuiteRunner.java:259)
org.testng.SuiteRunnerWorker.runSuite(SuiteRunnerWorker.java:52)
org.testng.SuiteRunnerWorker.run(SuiteRunnerWorker.java:86)
org.testng.TestNG.runSuitesSequentially(TestNG.java:1185)
org.testng.TestNG.runSuitesLocally(TestNG.java:1110)
org.testng.TestNG.run(TestNG.java:1018)
org.testng.remote.RemoteTestNG.run(RemoteTestNG.java:111)
org.testng.remote.RemoteTestNG.initAndRun(RemoteTestNG.java:204)
org.testng.remote.RemoteTestNG.main(RemoteTestNG.java:175)">
      <![CDATA[java.lang.AssertionError: Unable to clear and enter TestQXF10@gmail.com in field 
com.selenium.SafeActions.safeClearAndType(SafeActions.java:194)
com.pageFunctions.DcGovLoginPage.login(DcGovLoginPage.java:29)
com.TestSuite.MotherVtChild.testcase1(MotherVtChild.java:172)
sun.reflect.NativeMethodAccessorImpl.invoke0(Native Method)
sun.reflect.NativeMethodAccessorImpl.invoke(Unknown Source)
sun.reflect.DelegatingMethodAccessorImpl.invoke(Unknown Source)
java.lang.reflect.Method.invoke(Unknown Source)
org.testng.internal.MethodInvocationHelper.invokeMethod(MethodInvocationHelper.java:85)
org.testng.internal.Invoker.invokeMethod(Invoker.java:639)
org.testng.internal.Invoker.invokeTestMethod(Invoker.java:821)
org.testng.internal.Invoker.invokeTestMethods(Invoker.java:1131)
org.testng.internal.TestMethodWorker.invokeTestMethods(TestMethodWorker.java:124)
org.testng.internal.TestMethodWorker.run(TestMethodWorker.java:108)
org.testng.TestRunner.privateRun(TestRunner.java:773)
org.testng.TestRunner.run(TestRunner.java:623)
org.testng.SuiteRunner.runTest(SuiteRunner.java:357)
org.testng.SuiteRunner.runSequentially(SuiteRunner.java:352)
org.testng.SuiteRunner.privateRun(SuiteRunner.java:310)
org.testng.SuiteRunner.run(SuiteRunner.java:259)
org.testng.SuiteRunnerWorker.runSuite(SuiteRunnerWorker.java:52)
org.testng.SuiteRunnerWorker.run(SuiteRunnerWorker.java:86)
org.testng.TestNG.runSuitesSequentially(TestNG.java:1185)
org.testng.TestNG.runSuitesLocally(TestNG.java:1110)
org.testng.TestNG.run(TestNG.java:1018)
org.testng.remote.RemoteTestNG.run(RemoteTestNG.java:111)
org.testng.remote.RemoteTestNG.initAndRun(RemoteTestNG.java:204)
org.testng.remote.RemoteTestNG.main(RemoteTestNG.java:175)
	at com.testng.Assert.fail(Assert.java:199)
	at com.selenium.SafeActions.safeClearAndType(SafeActions.java:194)
	at com.pageFunctions.DcGovLoginPage.login(DcGovLoginPage.java:29)
	at com.TestSuite.MotherVtChild.testcase1(MotherVtChild.java:172)
	at sun.reflect.NativeMethodAccessorImpl.invoke0(Native Method)
	at sun.reflect.NativeMethodAccessorImpl.invoke(Unknown Source)
	at sun.reflect.DelegatingMethodAccessorImpl.invoke(Unknown Source)
	at java.lang.reflect.Method.invoke(Unknown Source)
	at org.testng.internal.MethodInvocationHelper.invokeMethod(MethodInvocationHelper.java:85)
	at org.testng.internal.Invoker.invokeMethod(Invoker.java:639)
	at org.testng.internal.Invoker.invokeTestMethod(Invoker.java:821)
	at org.testng.internal.Invoker.invokeTestMethods(Invoker.java:1131)
	at org.testng.internal.TestMethodWorker.invokeTestMethods(TestMethodWorker.java:124)
	at org.testng.internal.TestMethodWorker.run(TestMethodWorker.java:108)
	at org.testng.TestRunner.privateRun(TestRunner.java:773)
	at org.testng.TestRunner.run(TestRunner.java:623)
	at org.testng.SuiteRunner.runTest(SuiteRunner.java:357)
	at org.testng.SuiteRunner.runSequentially(SuiteRunner.java:352)
	at org.testng.SuiteRunner.privateRun(SuiteRunner.java:310)
	at org.testng.SuiteRunner.run(SuiteRunner.java:259)
	at org.testng.SuiteRunnerWorker.runSuite(SuiteRunnerWorker.java:52)
	at org.testng.SuiteRunnerWorker.run(SuiteRunnerWorker.java:86)
	at org.testng.TestNG.runSuitesSequentially(TestNG.java:1185)
	at org.testng.TestNG.runSuitesLocally(TestNG.java:1110)
	at org.testng.TestNG.run(TestNG.java:1018)
	at org.testng.remote.RemoteTestNG.run(RemoteTestNG.java:111)
	at org.testng.remote.RemoteTestNG.initAndRun(RemoteTestNG.java:204)
	at org.testng.remote.RemoteTestNG.main(RemoteTestNG.java:175)
]]>
    </failure>
  </testcase> <!-- testcase1 -->
  <testcase name="testcase1" time="68.126" classname="com.TestSuite.MotherVtChild">
    <failure type="java.lang.AssertionError" message="Unable to clear and enter TestWEI03@gmail.com in field 
com.selenium.SafeActions.safeClearAndType(SafeActions.java:194)
com.pageFunctions.DcGovLoginPage.login(DcGovLoginPage.java:29)
com.TestSuite.MotherVtChild.testcase1(MotherVtChild.java:172)
sun.reflect.NativeMethodAccessorImpl.invoke0(Native Method)
sun.reflect.NativeMethodAccessorImpl.invoke(Unknown Source)
sun.reflect.DelegatingMethodAccessorImpl.invoke(Unknown Source)
java.lang.reflect.Method.invoke(Unknown Source)
org.testng.internal.MethodInvocationHelper.invokeMethod(MethodInvocationHelper.java:85)
org.testng.internal.Invoker.invokeMethod(Invoker.java:639)
org.testng.internal.Invoker.invokeTestMethod(Invoker.java:821)
org.testng.internal.Invoker.invokeTestMethods(Invoker.java:1131)
org.testng.internal.TestMethodWorker.invokeTestMethods(TestMethodWorker.java:124)
org.testng.internal.TestMethodWorker.run(TestMethodWorker.java:108)
org.testng.TestRunner.privateRun(TestRunner.java:773)
org.testng.TestRunner.run(TestRunner.java:623)
org.testng.SuiteRunner.runTest(SuiteRunner.java:357)
org.testng.SuiteRunner.runSequentially(SuiteRunner.java:352)
org.testng.SuiteRunner.privateRun(SuiteRunner.java:310)
org.testng.SuiteRunner.run(SuiteRunner.java:259)
org.testng.SuiteRunnerWorker.runSuite(SuiteRunnerWorker.java:52)
org.testng.SuiteRunnerWorker.run(SuiteRunnerWorker.java:86)
org.testng.TestNG.runSuitesSequentially(TestNG.java:1185)
org.testng.TestNG.runSuitesLocally(TestNG.java:1110)
org.testng.TestNG.run(TestNG.java:1018)
org.testng.remote.RemoteTestNG.run(RemoteTestNG.java:111)
org.testng.remote.RemoteTestNG.initAndRun(RemoteTestNG.java:204)
org.testng.remote.RemoteTestNG.main(RemoteTestNG.java:175)">
      <![CDATA[java.lang.AssertionError: Unable to clear and enter TestWEI03@gmail.com in field 
com.selenium.SafeActions.safeClearAndType(SafeActions.java:194)
com.pageFunctions.DcGovLoginPage.login(DcGovLoginPage.java:29)
com.TestSuite.MotherVtChild.testcase1(MotherVtChild.java:172)
sun.reflect.NativeMethodAccessorImpl.invoke0(Native Method)
sun.reflect.NativeMethodAccessorImpl.invoke(Unknown Source)
sun.reflect.DelegatingMethodAccessorImpl.invoke(Unknown Source)
java.lang.reflect.Method.invoke(Unknown Source)
org.testng.internal.MethodInvocationHelper.invokeMethod(MethodInvocationHelper.java:85)
org.testng.internal.Invoker.invokeMethod(Invoker.java:639)
org.testng.internal.Invoker.invokeTestMethod(Invoker.java:821)
org.testng.internal.Invoker.invokeTestMethods(Invoker.java:1131)
org.testng.internal.TestMethodWorker.invokeTestMethods(TestMethodWorker.java:124)
org.testng.internal.TestMethodWorker.run(TestMethodWorker.java:108)
org.testng.TestRunner.privateRun(TestRunner.java:773)
org.testng.TestRunner.run(TestRunner.java:623)
org.testng.SuiteRunner.runTest(SuiteRunner.java:357)
org.testng.SuiteRunner.runSequentially(SuiteRunner.java:352)
org.testng.SuiteRunner.privateRun(SuiteRunner.java:310)
org.testng.SuiteRunner.run(SuiteRunner.java:259)
org.testng.SuiteRunnerWorker.runSuite(SuiteRunnerWorker.java:52)
org.testng.SuiteRunnerWorker.run(SuiteRunnerWorker.java:86)
org.testng.TestNG.runSuitesSequentially(TestNG.java:1185)
org.testng.TestNG.runSuitesLocally(TestNG.java:1110)
org.testng.TestNG.run(TestNG.java:1018)
org.testng.remote.RemoteTestNG.run(RemoteTestNG.java:111)
org.testng.remote.RemoteTestNG.initAndRun(RemoteTestNG.java:204)
org.testng.remote.RemoteTestNG.main(RemoteTestNG.java:175)
	at com.testng.Assert.fail(Assert.java:199)
	at com.selenium.SafeActions.safeClearAndType(SafeActions.java:194)
	at com.pageFunctions.DcGovLoginPage.login(DcGovLoginPage.java:29)
	at com.TestSuite.MotherVtChild.testcase1(MotherVtChild.java:172)
	at sun.reflect.NativeMethodAccessorImpl.invoke0(Native Method)
	at sun.reflect.NativeMethodAccessorImpl.invoke(Unknown Source)
	at sun.reflect.DelegatingMethodAccessorImpl.invoke(Unknown Source)
	at java.lang.reflect.Method.invoke(Unknown Source)
	at org.testng.internal.MethodInvocationHelper.invokeMethod(MethodInvocationHelper.java:85)
	at org.testng.internal.Invoker.invokeMethod(Invoker.java:639)
	at org.testng.internal.Invoker.invokeTestMethod(Invoker.java:821)
	at org.testng.internal.Invoker.invokeTestMethods(Invoker.java:1131)
	at org.testng.internal.TestMethodWorker.invokeTestMethods(TestMethodWorker.java:124)
	at org.testng.internal.TestMethodWorker.run(TestMethodWorker.java:108)
	at org.testng.TestRunner.privateRun(TestRunner.java:773)
	at org.testng.TestRunner.run(TestRunner.java:623)
	at org.testng.SuiteRunner.runTest(SuiteRunner.java:357)
	at org.testng.SuiteRunner.runSequentially(SuiteRunner.java:352)
	at org.testng.SuiteRunner.privateRun(SuiteRunner.java:310)
	at org.testng.SuiteRunner.run(SuiteRunner.java:259)
	at org.testng.SuiteRunnerWorker.runSuite(SuiteRunnerWorker.java:52)
	at org.testng.SuiteRunnerWorker.run(SuiteRunnerWorker.java:86)
	at org.testng.TestNG.runSuitesSequentially(TestNG.java:1185)
	at org.testng.TestNG.runSuitesLocally(TestNG.java:1110)
	at org.testng.TestNG.run(TestNG.java:1018)
	at org.testng.remote.RemoteTestNG.run(RemoteTestNG.java:111)
	at org.testng.remote.RemoteTestNG.initAndRun(RemoteTestNG.java:204)
	at org.testng.remote.RemoteTestNG.main(RemoteTestNG.java:175)
]]>
    </failure>
  </testcase> <!-- testcase1 -->
</testsuite> <!-- com.TestSuite.MotherVtChild -->
